<?xml version="1.0" encoding="UTF-8"?>
<testsuite xmlns:xsi="http://www.w3.org/2001/XMLSchema-instance" xsi:noNamespaceSchemaLocation="https://maven.apache.org/surefire/maven-surefire-plugin/xsd/surefire-test-report.xsd" version="3.0.2" name="com.senac.cadastro.PessoaTests" time="2.083" tests="6" errors="0" skipped="0" failures="1">
  <properties>
[...]
</properties>
  <testcase name="testInserirCPFDeveSerValidoComPadrao" classname="com.senac.cadastro.PessoaTests" time="0.09">
    <system-out><![CDATA[2025-05-20T11:18:18.392-03:00  INFO 6539 --- [cadastro] [           main] t.c.s.AnnotationConfigContextLoaderUtils : Could not detect default configuration classes for test class [com.senac.cadastro.PessoaTests]: PessoaTests does not declare any static, non-private, non-final, nested classes annotated with @Configuration.
2025-05-20T11:18:18.395-03:00  INFO 6539 --- [cadastro] [           main] .b.t.c.SpringBootTestContextBootstrapper : Found @SpringBootConfiguration com.senac.cadastro.CadastroApplication for test class com.senac.cadastro.PessoaTests

  .   ____          _            __ _ _
 /\\ / ___'_ __ _ _(_)_ __  __ _ \ \ \ \
( ( )\___ | '_ | '_| | '_ \/ _` | \ \ \ \
 \\/  ___)| |_)| | | | | || (_| |  ) ) ) )
  '  |____| .__|_| |_|_| |_\__, | / / / /
 =========|_|==============|___/=/_/_/_/

 :: Spring Boot ::                (v3.4.5)

2025-05-20T11:18:18.457-03:00  INFO 6539 --- [cadastro] [           main] com.senac.cadastro.PessoaTests           : Starting PessoaTests using Java 17.0.15 with PID 6539 (started by senac in /mnt/c/Users/Lucas51812876/Documents/cadastro/cadastro)
2025-05-20T11:18:18.457-03:00  INFO 6539 --- [cadastro] [           main] com.senac.cadastro.PessoaTests           : The following 1 profile is active: "test"
2025-05-20T11:18:19.046-03:00  INFO 6539 --- [cadastro] [           main] .s.d.r.c.RepositoryConfigurationDelegate : Bootstrapping Spring Data JPA repositories in DEFAULT mode.
2025-05-20T11:18:19.107-03:00  INFO 6539 --- [cadastro] [           main] .s.d.r.c.RepositoryConfigurationDelegate : Finished Spring Data repository scanning in 59 ms. Found 1 JPA repository interface.
2025-05-20T11:18:19.226-03:00  INFO 6539 --- [cadastro] [           main] o.hibernate.jpa.internal.util.LogHelper  : HHH000204: Processing PersistenceUnitInfo [name: default]
2025-05-20T11:18:19.246-03:00  INFO 6539 --- [cadastro] [           main] o.h.c.internal.RegionFactoryInitiator    : HHH000026: Second-level cache disabled
2025-05-20T11:18:19.279-03:00  INFO 6539 --- [cadastro] [           main] o.s.o.j.p.SpringPersistenceUnitInfo      : No LoadTimeWeaver setup: ignoring JPA class transformer
2025-05-20T11:18:19.282-03:00  INFO 6539 --- [cadastro] [           main] com.zaxxer.hikari.HikariDataSource       : HikariPool-2 - Starting...
2025-05-20T11:18:19.297-03:00  INFO 6539 --- [cadastro] [           main] com.zaxxer.hikari.pool.HikariPool        : HikariPool-2 - Added connection com.mysql.cj.jdbc.ConnectionImpl@5771adf3
2025-05-20T11:18:19.297-03:00  INFO 6539 --- [cadastro] [           main] com.zaxxer.hikari.HikariDataSource       : HikariPool-2 - Start completed.
2025-05-20T11:18:19.298-03:00  WARN 6539 --- [cadastro] [           main] org.hibernate.orm.deprecation            : HHH90000025: MySQLDialect does not need to be specified explicitly using 'hibernate.dialect' (remove the property setting and it will be selected by default)
2025-05-20T11:18:19.298-03:00  INFO 6539 --- [cadastro] [           main] org.hibernate.orm.connections.pooling    : HHH10001005: Database info:
	Database JDBC URL [Connecting through datasource 'HikariDataSource (HikariPool-2)']
	Database driver: undefined/unknown
	Database version: 8.0.34
	Autocommit mode: undefined/unknown
	Isolation level: undefined/unknown
	Minimum pool size: undefined/unknown
	Maximum pool size: undefined/unknown
2025-05-20T11:18:19.382-03:00  INFO 6539 --- [cadastro] [           main] o.h.e.t.j.p.i.JtaPlatformInitiator       : HHH000489: No JTA platform available (set 'hibernate.transaction.jta.platform' to enable JTA platform integration)
2025-05-20T11:18:19.391-03:00  INFO 6539 --- [cadastro] [           main] j.LocalContainerEntityManagerFactoryBean : Initialized JPA EntityManagerFactory for persistence unit 'default'
2025-05-20T11:18:19.579-03:00  WARN 6539 --- [cadastro] [           main] JpaBaseConfiguration$JpaWebConfiguration : spring.jpa.open-in-view is enabled by default. Therefore, database queries may be performed during view rendering. Explicitly configure spring.jpa.open-in-view to disable this warning
2025-05-20T11:18:20.035-03:00  INFO 6539 --- [cadastro] [           main] o.s.b.a.e.web.EndpointLinksResolver      : Exposing 1 endpoint beneath base path '/actuator'
2025-05-20T11:18:20.056-03:00  INFO 6539 --- [cadastro] [           main] com.senac.cadastro.PessoaTests           : Started PessoaTests in 1.654 seconds (process running for 13.128)
]]></system-out>
  </testcase>
  <testcase name="ListarPessoasPorLetra" classname="com.senac.cadastro.PessoaTests" time="0.263">
    <system-out><![CDATA[Hibernate: select p1_0.id,p1_0.cpf,p1_0.data_nascimento,p1_0.email,p1_0.endereco,p1_0.nome,p1_0.telefone from pessoa p1_0 where upper(p1_0.nome) like upper(?) escape '\\'
]]></system-out>
  </testcase>
  <testcase name="testInserirTelefoneDeveSerValidoComPadrao" classname="com.senac.cadastro.PessoaTests" time="0.011"/>
  <testcase name="testInserirEmailDeveSerValidoComPadrao" classname="com.senac.cadastro.PessoaTests" time="0.013"/>
  <testcase name="testInserirDataNascimentoDeveSerValida" classname="com.senac.cadastro.PessoaTests" time="0.012"/>
  <testcase name="testInserirNomeNaoPodeSerEmBrancoOuNulo" classname="com.senac.cadastro.PessoaTests" time="0.017">
    <failure message="Deve haver erros de validação ==&gt; expected: &lt;false&gt; but was: &lt;true&gt;" type="org.opentest4j.AssertionFailedError"><![CDATA[org.opentest4j.AssertionFailedError: Deve haver erros de validação ==> expected: <false> but was: <true>
	at org.junit.jupiter.api.AssertionFailureBuilder.build(AssertionFailureBuilder.java:151)
	at org.junit.jupiter.api.AssertionFailureBuilder.buildAndThrow(AssertionFailureBuilder.java:132)
	at org.junit.jupiter.api.AssertFalse.failNotFalse(AssertFalse.java:63)
	at org.junit.jupiter.api.AssertFalse.assertFalse(AssertFalse.java:36)
	at org.junit.jupiter.api.Assertions.assertFalse(Assertions.java:239)
	at com.senac.cadastro.PessoaTests.testInserirNomeNaoPodeSerEmBrancoOuNulo(PessoaTests.java:50)
	at java.base/java.lang.reflect.Method.invoke(Method.java:569)
	at java.base/java.util.ArrayList.forEach(ArrayList.java:1511)
	at java.base/java.util.ArrayList.forEach(ArrayList.java:1511)
]]></failure>
  </testcase>
</testsuite>